2026-03-30T17:31:59.752-04:00 [INFO] [L889] BEGIN Script: User=tadd, InputFile=C:\Repos\NPSBox\Box_Collaboration_Sample_Data.csv, MySiteHostUrl=https://m365cpi19595461-my.sharepoint.com, SharePointOnlineAdminUrl=https://m365cpi19595461-admin.sharepoint.com/, AllowUnknownRole=False, TargetLibraryTitle=Documents, AutoDiscoverDefaultLibrary=False
2026-03-30T17:31:59.759-04:00 [INFO] [L898] BEGIN User Processing: UserToProcess=AdilE@M365CPI19595461.OnMicrosoft.com
2026-03-30T17:31:59.781-04:00 [INFO] [L935] Reusing existing admin-scoped PnP connection.
2026-03-30T17:32:00.371-04:00 [INFO] [L950] Profile properties for 'AdilE@M365CPI19595461.OnMicrosoft.com': PersonalSiteHostUrl='https://m365cpi19595461-my.sharepoint.com:443/', PersonalSpace='/personal/adile_m365cpi19595461_onmicrosoft_com/', PersonalUrl='https://m365cpi19595461-my.sharepoint.com/personal/adile_m365cpi19595461_onmicrosoft_com/'
2026-03-30T17:32:00.396-04:00 [INFO] [L958] Resolved personal site URL for AdilE@M365CPI19595461.OnMicrosoft.com: https://m365cpi19595461-my.sharepoint.com/personal/adile_m365cpi19595461_onmicrosoft_com/
2026-03-30T17:32:00.423-04:00 [INFO] [L985] Processing 4 items for user AdilE@M365CPI19595461.OnMicrosoft.com
2026-03-30T17:32:06.891-04:00 [INFO] [L1004] Created new personal-site PnP connection: https://m365cpi19595461-my.sharepoint.com/personal/adile_m365cpi19595461_onmicrosoft_com/
2026-03-30T17:32:07.538-04:00 [INFO] [L1035] Using target library 'Documents' with root path '/personal/adile_m365cpi19595461_onmicrosoft_com/Documents'.
2026-03-30T17:32:07.566-04:00 [INFO] [L1122] Processing item 'SampleFile.docx' (File) for collaborator 'AmberR@M365CPI19595461.onmicrosoft.com' with mapped role 'Contributor'.
2026-03-30T17:32:09.895-04:00 [INFO] [L1208] Applied role 'Contribute' for 'AmberR@M365CPI19595461.onmicrosoft.com' on 'SampleFile.docx'.
2026-03-30T17:32:09.928-04:00 [INFO] [L1122] Processing item 'Thesis (Mapping IPv6 Mobile Providers)' (Folder) for collaborator 'AmberR@M365CPI19595461.onmicrosoft.com' with mapped role 'Contributor'.
2026-03-30T17:32:12.412-04:00 [INFO] [L1208] Applied role 'Contribute' for 'AmberR@M365CPI19595461.onmicrosoft.com' on 'Thesis (Mapping IPv6 Mobile Providers)'.
2026-03-30T17:32:12.449-04:00 [INFO] [L1122] Processing item 'Thesis (Mapping IPv6 Mobile Providers)' (Folder) for collaborator 'BillieV@M365CPI19595461.onmicrosoft.com' with mapped role 'Viewer'.
2026-03-30T17:32:14.807-04:00 [INFO] [L1208] Applied role 'Read' for 'BillieV@M365CPI19595461.onmicrosoft.com' on 'Thesis (Mapping IPv6 Mobile Providers)'.
2026-03-30T17:32:14.841-04:00 [INFO] [L1122] Processing item 'Thesis (Mapping IPv6 Mobile Providers)' (Folder) for collaborator 'CoraT@M365CPI19595461.onmicrosoft.com' with mapped role 'Contributor'.
2026-03-30T17:32:17.068-04:00 [INFO] [L1208] Applied role 'Contribute' for 'CoraT@M365CPI19595461.onmicrosoft.com' on 'Thesis (Mapping IPv6 Mobile Providers)'.
2026-03-30T17:32:17.107-04:00 [INFO] [L1249] END User Processing: UserToProcess=AdilE@M365CPI19595461.OnMicrosoft.com; Duration=00:00:17.346
2026-03-30T17:32:17.131-04:00 [INFO] [L898] BEGIN User Processing: UserToProcess=AmberR@M365CPI19595461.onmicrosoft.com
2026-03-30T17:32:17.159-04:00 [INFO] [L935] Reusing existing admin-scoped PnP connection.
2026-03-30T17:32:17.730-04:00 [INFO] [L950] Profile properties for 'AmberR@M365CPI19595461.onmicrosoft.com': PersonalSiteHostUrl='https://m365cpi19595461-my.sharepoint.com:443/', PersonalSpace='/personal/amberr_m365cpi19595461_onmicrosoft_com/', PersonalUrl='https://m365cpi19595461-my.sharepoint.com/personal/amberr_m365cpi19595461_onmicrosoft_com/'
2026-03-30T17:32:17.761-04:00 [INFO] [L958] Resolved personal site URL for AmberR@M365CPI19595461.onmicrosoft.com: https://m365cpi19595461-my.sharepoint.com/personal/amberr_m365cpi19595461_onmicrosoft_com/
2026-03-30T17:32:17.795-04:00 [INFO] [L985] Processing 1 items for user AmberR@M365CPI19595461.onmicrosoft.com
2026-03-30T17:32:24.323-04:00 [INFO] [L1004] Created new personal-site PnP connection: https://m365cpi19595461-my.sharepoint.com/personal/amberr_m365cpi19595461_onmicrosoft_com/
2026-03-30T17:32:24.934-04:00 [INFO] [L1035] Using target library 'Documents' with root path '/personal/amberr_m365cpi19595461_onmicrosoft_com/Documents'.
2026-03-30T17:32:24.971-04:00 [INFO] [L1122] Processing item 'Thunderbolt Specifications v1.0.docx' (File) for collaborator 'AdilE@M365CPI19595461.OnMicrosoft.com' with mapped role 'Contributor'.
2026-03-30T17:32:27.902-04:00 [INFO] [L1208] Applied role 'Contribute' for 'AdilE@M365CPI19595461.OnMicrosoft.com' on 'Thunderbolt Specifications v1.0.docx'.
2026-03-30T17:32:27.937-04:00 [INFO] [L1249] END User Processing: UserToProcess=AmberR@M365CPI19595461.onmicrosoft.com; Duration=00:00:10.806
2026-03-30T17:32:27.969-04:00 [INFO] [L1257] END Script: Duration=00:00:28.223; LogFile=C:\Repos\NPSBox\Logs\Set-BoxToOneDriveItemPermission_tadd_20260330_173159_745.log
