2026-03-30T17:15:18.926-04:00 [INFO] [L914] BEGIN Script: User=tadd, InputFile=C:\Repos\NPSBox\Box_Collaboration_Sample_Data.csv, MySiteHostUrl=https://m365cpi19595461-my.sharepoint.com, SharePointOnlineAdminUrl=https://m365cpi19595461-admin.sharepoint.com/, AllowUnknownRole=False, TargetLibraryTitle=Documents, AutoDiscoverDefaultLibrary=False
2026-03-30T17:15:18.935-04:00 [INFO] [L923] BEGIN User Processing: UserToProcess=AdilE@M365CPI19595461.OnMicrosoft.com
2026-03-30T17:15:18.961-04:00 [INFO] [L961] Reusing existing admin-scoped PnP connection.
2026-03-30T17:15:20.036-04:00 [INFO] [L976] Profile properties for 'AdilE@M365CPI19595461.OnMicrosoft.com': PersonalSiteHostUrl='https://m365cpi19595461-my.sharepoint.com:443/', PersonalSpace='/personal/adile_m365cpi19595461_onmicrosoft_com/', PersonalUrl='https://m365cpi19595461-my.sharepoint.com/personal/adile_m365cpi19595461_onmicrosoft_com/'
2026-03-30T17:15:20.068-04:00 [INFO] [L984] Resolved personal site URL for AdilE@M365CPI19595461.OnMicrosoft.com: https://m365cpi19595461-my.sharepoint.com/personal/adile_m365cpi19595461_onmicrosoft_com/
2026-03-30T17:15:20.098-04:00 [INFO] [L1011] Processing 4 items for user AdilE@M365CPI19595461.OnMicrosoft.com
2026-03-30T17:15:24.029-04:00 [INFO] [L1030] Created new personal-site PnP connection: https://m365cpi19595461-my.sharepoint.com/personal/adile_m365cpi19595461_onmicrosoft_com/
2026-03-30T17:15:24.976-04:00 [INFO] [L1061] Using target library 'Documents' with root path '/personal/adile_m365cpi19595461_onmicrosoft_com/Documents'.
2026-03-30T17:15:25.009-04:00 [INFO] [L1148] Processing item 'SampleFile.docx' (File) for collaborator 'AmberR@M365CPI19595461.onmicrosoft.com' with mapped role 'Contributor'.
2026-03-30T17:15:27.046-04:00 [INFO] [L1234] Applied role 'Contribute' for 'AmberR@M365CPI19595461.onmicrosoft.com' on 'SampleFile.docx'.
2026-03-30T17:15:27.100-04:00 [INFO] [L1148] Processing item 'Thesis (Mapping IPv6 Mobile Providers)' (Folder) for collaborator 'AmberR@M365CPI19595461.onmicrosoft.com' with mapped role 'Contributor'.
2026-03-30T17:15:29.248-04:00 [INFO] [L1234] Applied role 'Contribute' for 'AmberR@M365CPI19595461.onmicrosoft.com' on 'Thesis (Mapping IPv6 Mobile Providers)'.
2026-03-30T17:15:29.284-04:00 [INFO] [L1148] Processing item 'Thesis (Mapping IPv6 Mobile Providers)' (Folder) for collaborator 'BillieV@M365CPI19595461.onmicrosoft.com' with mapped role 'Viewer'.
2026-03-30T17:15:31.886-04:00 [INFO] [L1234] Applied role 'Read' for 'BillieV@M365CPI19595461.onmicrosoft.com' on 'Thesis (Mapping IPv6 Mobile Providers)'.
2026-03-30T17:15:31.927-04:00 [INFO] [L1148] Processing item 'Thesis (Mapping IPv6 Mobile Providers)' (Folder) for collaborator 'CoraT@M365CPI19595461.onmicrosoft.com' with mapped role 'Contributor'.
2026-03-30T17:15:34.191-04:00 [INFO] [L1234] Applied role 'Contribute' for 'CoraT@M365CPI19595461.onmicrosoft.com' on 'Thesis (Mapping IPv6 Mobile Providers)'.
2026-03-30T17:15:34.228-04:00 [INFO] [L1276] Disconnected personal-site PnP connection for user 'AdilE@M365CPI19595461.OnMicrosoft.com'.
2026-03-30T17:15:34.262-04:00 [INFO] [L1281] END User Processing: UserToProcess=AdilE@M365CPI19595461.OnMicrosoft.com; Duration=00:00:15.325
2026-03-30T17:15:34.288-04:00 [INFO] [L923] BEGIN User Processing: UserToProcess=AmberR@M365CPI19595461.onmicrosoft.com
2026-03-30T17:15:34.325-04:00 [INFO] [L961] Reusing existing admin-scoped PnP connection.
2026-03-30T17:15:35.159-04:00 [INFO] [L976] Profile properties for 'AmberR@M365CPI19595461.onmicrosoft.com': PersonalSiteHostUrl='https://m365cpi19595461-my.sharepoint.com:443/', PersonalSpace='/personal/amberr_m365cpi19595461_onmicrosoft_com/', PersonalUrl='https://m365cpi19595461-my.sharepoint.com/personal/amberr_m365cpi19595461_onmicrosoft_com/'
2026-03-30T17:15:35.194-04:00 [INFO] [L984] Resolved personal site URL for AmberR@M365CPI19595461.onmicrosoft.com: https://m365cpi19595461-my.sharepoint.com/personal/amberr_m365cpi19595461_onmicrosoft_com/
2026-03-30T17:15:35.236-04:00 [INFO] [L1011] Processing 1 items for user AmberR@M365CPI19595461.onmicrosoft.com
2026-03-30T17:15:35.273-04:00 [ERROR] [L1265] Unhandled error while processing user 'AmberR@M365CPI19595461.onmicrosoft.com': You are not signed in. Please use Connect-PnPOnline to connect.
2026-03-30T17:15:35.373-04:00 [INFO] [L1281] END User Processing: UserToProcess=AmberR@M365CPI19595461.onmicrosoft.com; Duration=00:00:01.084
2026-03-30T17:15:35.403-04:00 [INFO] [L1295] END Script: Duration=00:00:16.478; LogFile=C:\Repos\NPSBox\Logs\Set-BoxToOneDriveItemPermission_tadd_20260330_171518_924.log
