2026-03-30T17:27:49.568-04:00 [INFO] [L889] BEGIN Script: User=tadd, InputFile=C:\Repos\NPSBox\Box_Collaboration_Sample_Data.csv, MySiteHostUrl=https://m365cpi19595461-my.sharepoint.com, SharePointOnlineAdminUrl=https://m365cpi19595461-admin.sharepoint.com/, AllowUnknownRole=False, TargetLibraryTitle=Documents, AutoDiscoverDefaultLibrary=False
2026-03-30T17:27:49.582-04:00 [INFO] [L898] BEGIN User Processing: UserToProcess=AdilE@M365CPI19595461.OnMicrosoft.com
2026-03-30T17:27:49.612-04:00 [INFO] [L935] Reusing existing admin-scoped PnP connection.
2026-03-30T17:27:50.550-04:00 [INFO] [L950] Profile properties for 'AdilE@M365CPI19595461.OnMicrosoft.com': PersonalSiteHostUrl='https://m365cpi19595461-my.sharepoint.com:443/', PersonalSpace='/personal/adile_m365cpi19595461_onmicrosoft_com/', PersonalUrl='https://m365cpi19595461-my.sharepoint.com/personal/adile_m365cpi19595461_onmicrosoft_com/'
2026-03-30T17:27:50.585-04:00 [INFO] [L958] Resolved personal site URL for AdilE@M365CPI19595461.OnMicrosoft.com: https://m365cpi19595461-my.sharepoint.com/personal/adile_m365cpi19595461_onmicrosoft_com/
2026-03-30T17:27:50.623-04:00 [INFO] [L985] Processing 4 items for user AdilE@M365CPI19595461.OnMicrosoft.com
2026-03-30T17:27:55.275-04:00 [INFO] [L1004] Created new personal-site PnP connection: https://m365cpi19595461-my.sharepoint.com/personal/adile_m365cpi19595461_onmicrosoft_com/
2026-03-30T17:27:56.144-04:00 [INFO] [L1035] Using target library 'Documents' with root path '/personal/adile_m365cpi19595461_onmicrosoft_com/Documents'.
2026-03-30T17:27:56.181-04:00 [INFO] [L1122] Processing item 'SampleFile.docx' (File) for collaborator 'AmberR@M365CPI19595461.onmicrosoft.com' with mapped role 'Contributor'.
2026-03-30T17:27:58.446-04:00 [INFO] [L1208] Applied role 'Contribute' for 'AmberR@M365CPI19595461.onmicrosoft.com' on 'SampleFile.docx'.
2026-03-30T17:27:58.498-04:00 [INFO] [L1122] Processing item 'Thesis (Mapping IPv6 Mobile Providers)' (Folder) for collaborator 'AmberR@M365CPI19595461.onmicrosoft.com' with mapped role 'Contributor'.
2026-03-30T17:28:00.720-04:00 [INFO] [L1208] Applied role 'Contribute' for 'AmberR@M365CPI19595461.onmicrosoft.com' on 'Thesis (Mapping IPv6 Mobile Providers)'.
2026-03-30T17:28:00.758-04:00 [INFO] [L1122] Processing item 'Thesis (Mapping IPv6 Mobile Providers)' (Folder) for collaborator 'BillieV@M365CPI19595461.onmicrosoft.com' with mapped role 'Viewer'.
2026-03-30T17:28:03.404-04:00 [INFO] [L1208] Applied role 'Read' for 'BillieV@M365CPI19595461.onmicrosoft.com' on 'Thesis (Mapping IPv6 Mobile Providers)'.
2026-03-30T17:28:03.456-04:00 [INFO] [L1122] Processing item 'Thesis (Mapping IPv6 Mobile Providers)' (Folder) for collaborator 'CoraT@M365CPI19595461.onmicrosoft.com' with mapped role 'Contributor'.
2026-03-30T17:28:05.890-04:00 [INFO] [L1208] Applied role 'Contribute' for 'CoraT@M365CPI19595461.onmicrosoft.com' on 'Thesis (Mapping IPv6 Mobile Providers)'.
2026-03-30T17:28:05.943-04:00 [INFO] [L1249] END User Processing: UserToProcess=AdilE@M365CPI19595461.OnMicrosoft.com; Duration=00:00:16.360
2026-03-30T17:28:05.977-04:00 [INFO] [L898] BEGIN User Processing: UserToProcess=AmberR@M365CPI19595461.onmicrosoft.com
2026-03-30T17:28:06.009-04:00 [INFO] [L935] Reusing existing admin-scoped PnP connection.
2026-03-30T17:28:06.324-04:00 [INFO] [L950] Profile properties for 'AmberR@M365CPI19595461.onmicrosoft.com': PersonalSiteHostUrl='https://m365cpi19595461-my.sharepoint.com:443/', PersonalSpace='/personal/amberr_m365cpi19595461_onmicrosoft_com/', PersonalUrl='https://m365cpi19595461-my.sharepoint.com/personal/amberr_m365cpi19595461_onmicrosoft_com/'
2026-03-30T17:28:06.360-04:00 [INFO] [L958] Resolved personal site URL for AmberR@M365CPI19595461.onmicrosoft.com: https://m365cpi19595461-my.sharepoint.com/personal/amberr_m365cpi19595461_onmicrosoft_com/
2026-03-30T17:28:06.396-04:00 [INFO] [L985] Processing 1 items for user AmberR@M365CPI19595461.onmicrosoft.com
2026-03-30T17:28:12.027-04:00 [INFO] [L1004] Created new personal-site PnP connection: https://m365cpi19595461-my.sharepoint.com/personal/amberr_m365cpi19595461_onmicrosoft_com/
2026-03-30T17:28:12.718-04:00 [INFO] [L1035] Using target library 'Documents' with root path '/personal/amberr_m365cpi19595461_onmicrosoft_com/Documents'.
2026-03-30T17:28:12.770-04:00 [ERROR] [L1059] Unknown Box role '' for item 'Thunderbolt Specifications v1.0.docx' and collaborator 'Editor'.
2026-03-30T17:28:12.805-04:00 [ERROR] [L1239] Unhandled error while processing user 'AmberR@M365CPI19595461.onmicrosoft.com': Unknown Box role '' for item 'Thunderbolt Specifications v1.0.docx' and collaborator 'Editor'. Add a mapping or run with -AllowUnknownRole.
2026-03-30T17:28:12.952-04:00 [INFO] [L1249] END User Processing: UserToProcess=AmberR@M365CPI19595461.onmicrosoft.com; Duration=00:00:06.974
2026-03-30T17:28:12.991-04:00 [INFO] [L1257] END Script: Duration=00:00:23.422; LogFile=C:\Repos\NPSBox\Logs\Set-BoxToOneDriveItemPermission_tadd_20260330_172749_567.log
